crawler scheduler start
worker process : news.naver.com
worker process : hello-news.naver.com
worker process : hello-hello-news.naver.com
worker process : hello-hello-hello-news.naver.com
worker process : hello-hello-hello-hello-news.naver.com
crawler scheduler start
worker process : news.naver.com
worker process : hello-news.naver.com
worker process : hello-hello-news.naver.com
worker process : hello-hello-hello-news.naver.com
crawler scheduler start
worker process : news.naver.com
worker process : hello-news.naver.com
worker process : hello-hello-news.naver.com
worker process : hello-hello-hello-news.naver.com
worker process : hello-hello-hello-hello-news.naver.com
worker process : hello-hello-hello-hello-hello-news.naver.com
worker process : hello-hello-hello-hello-hello-hello-news.naver.com
worker process : hello-hello-hello-hello-hello-hello-hello-news.naver.com
worker process : hello-hello-hello-hello-hello-hello-hello-hello-news.naver.com
worker process : hello-hello-hello-hello-hello-hello-hello-hello-hello-news.naver.com
worker process : hello-hello-hello-hello-hello-hello-hello-hello-hello-hello-news.naver.com
worker process : hello-hello-hello-hello-hello-hello-hello-hello-hello-hello-hello-news.naver.com
worker process : hello-hello-hello-hello-hello-hello-hello-hello-hello-hello-hello-hello-news.naver.com
worker process : hello-hello-hello-hello-hello-hello-hello-hello-hello-hello-hello-hello-hello-news.naver.com
2019-10-13 19:36:37,590 - naver-news-crawler - INFO - crawler scheduler start
2019-10-13 19:36:38,090 - naver-news-crawler - INFO - worker process : news.naver.com
2019-10-13 19:36:38,537 - naver-news-crawler - INFO - worker process : hello-news.naver.com
2019-10-13 19:36:38,997 - naver-news-crawler - INFO - worker process : hello-hello-news.naver.com
2019-10-13 19:36:39,462 - naver-news-crawler - INFO - worker process : hello-hello-hello-news.naver.com
2019-10-13 21:12:44,998 - naver-news-crawler - INFO - crawler scheduler start
2019-10-13 21:12:45,516 - naver-news-crawler - INFO - worker process : news.naver.com
2019-10-13 21:12:45,984 - naver-news-crawler - INFO - worker process : hello-news.naver.com
2019-10-13 21:12:46,465 - naver-news-crawler - INFO - worker process : hello-hello-news.naver.com
2019-10-13 21:12:46,943 - naver-news-crawler - INFO - worker process : hello-hello-hello-news.naver.com
2019-10-13 22:12:32,720 - naver-news-crawler - INFO - crawler scheduler start
2019-10-13 22:13:49,089 - naver-news-crawler - INFO - crawler scheduler start
2019-10-13 22:14:29,191 - naver-news-crawler - INFO - crawler scheduler start
2019-10-13 22:14:29,640 - naver-news-crawler - INFO - worker process : news.naver.com
2019-10-13 22:14:30,107 - naver-news-crawler - INFO - worker process : https://news.naver.com/main/ranking/read.nhn?mid=etc&sid1=111&rankingType=popular_day&oid=015&aid=0004222911&date=20191013&type=1&rankingSeq=1&rankingSectionId=105
2019-10-13 22:14:30,585 - naver-news-crawler - INFO - worker process : https://news.naver.com/main/ranking/read.nhn?mid=etc&sid1=111&rankingType=popular_day&oid=015&aid=0004222911&date=20191013&type=1&rankingSeq=1&rankingSectionId=105
2019-10-13 22:14:31,073 - naver-news-crawler - INFO - worker process : https://news.naver.com/main/ranking/read.nhn?mid=etc&sid1=111&rankingType=popular_day&oid=015&aid=0004222911&date=20191013&type=1&rankingSeq=1&rankingSectionId=105
2019-10-13 22:14:31,568 - naver-news-crawler - INFO - worker process : https://news.naver.com/main/ranking/read.nhn?mid=etc&sid1=111&rankingType=popular_day&oid=015&aid=0004222911&date=20191013&type=1&rankingSeq=1&rankingSectionId=105
2019-10-13 22:14:32,053 - naver-news-crawler - INFO - worker process : https://news.naver.com/main/ranking/read.nhn?mid=etc&sid1=111&rankingType=popular_day&oid=015&aid=0004222911&date=20191013&type=1&rankingSeq=1&rankingSectionId=105
2019-10-13 22:15:03,289 - naver-news-crawler - INFO - crawler scheduler start
2019-10-13 22:15:03,748 - naver-news-crawler - INFO - worker process : news.naver.com
2019-10-13 22:15:04,218 - naver-news-crawler - INFO - worker process : https://news.naver.com/main/ranking/read.nhn?mid=etc&sid1=111&rankingType=popular_day&oid=015&aid=0004222911&date=20191013&type=1&rankingSeq=1&rankingSectionId=105
2019-10-13 22:15:04,697 - naver-news-crawler - INFO - worker process : https://news.naver.com/main/ranking/read.nhn?mid=etc&sid1=111&rankingType=popular_day&oid=015&aid=0004222911&date=20191013&type=1&rankingSeq=1&rankingSectionId=105
2019-10-13 22:15:28,758 - naver-news-crawler - INFO - crawler scheduler start
2019-10-13 22:15:29,200 - naver-news-crawler - INFO - worker process : news.naver.com
2019-10-13 22:15:29,662 - naver-news-crawler - INFO - worker process : https://news.naver.com/main/ranking/read.nhn?mid=etc&sid1=111&rankingType=popular_day&oid=015&aid=0004222911&date=20191013&type=1&rankingSeq=1&rankingSectionId=105
2019-10-13 22:15:30,135 - naver-news-crawler - INFO - worker process : https://news.naver.com/main/ranking/read.nhn?mid=etc&sid1=111&rankingType=popular_day&oid=015&aid=0004222911&date=20191013&type=1&rankingSeq=1&rankingSectionId=105
2019-10-13 22:15:30,594 - naver-news-crawler - INFO - worker process : https://news.naver.com/main/ranking/read.nhn?mid=etc&sid1=111&rankingType=popular_day&oid=015&aid=0004222911&date=20191013&type=1&rankingSeq=1&rankingSectionId=105
2019-10-13 22:15:31,086 - naver-news-crawler - INFO - worker process : https://news.naver.com/main/ranking/read.nhn?mid=etc&sid1=111&rankingType=popular_day&oid=015&aid=0004222911&date=20191013&type=1&rankingSeq=1&rankingSectionId=105
2019-10-13 22:15:31,559 - naver-news-crawler - INFO - worker process : https://news.naver.com/main/ranking/read.nhn?mid=etc&sid1=111&rankingType=popular_day&oid=015&aid=0004222911&date=20191013&type=1&rankingSeq=1&rankingSectionId=105
2019-10-13 22:22:04,695 - naver-news-crawler - INFO - crawler scheduler start
2019-10-13 22:22:05,137 - naver-news-crawler - INFO - worker process : https://news.naver.com/
2019-10-13 22:22:05,600 - naver-news-crawler - INFO - worker process : https://news.naver.com/main/ranking/read.nhn?mid=etc&sid1=111&rankingType=popular_day&oid=015&aid=0004222911&date=20191013&type=1&rankingSeq=1&rankingSectionId=105
2019-10-13 22:22:06,062 - naver-news-crawler - INFO - worker process : https://news.naver.com/main/ranking/read.nhn?mid=etc&sid1=111&rankingType=popular_day&oid=015&aid=0004222911&date=20191013&type=1&rankingSeq=1&rankingSectionId=105
2019-10-13 22:22:06,529 - naver-news-crawler - INFO - worker process : https://news.naver.com/main/ranking/read.nhn?mid=etc&sid1=111&rankingType=popular_day&oid=015&aid=0004222911&date=20191013&type=1&rankingSeq=1&rankingSectionId=105
